<?xml version="1.0" encoding="UTF-8"?>
<!-- Generated by org.testng.reporters.JUnitReportReporter -->
<testsuite hostname="Chethan" failures="0" tests="3" name="com.example.test1_annotation" time="0.012" errors="0" timestamp="2023-04-06T23:24:22 IST" skipped="0">
  <testcase classname="com.example.test1_annotation" name="a" time="0.004"/>
  <system-out/>
  <testcase classname="com.example.test1_annotation" name="b" time="0.006"/>
  <system-out/>
  <testcase classname="com.example.test1_annotation" name="c" time="0.002"/>
  <system-out/>
</testsuite> <!-- com.example.test1_annotation -->
