<?xml version="1.0" encoding="UTF-8"?>
<!-- Generated by org.testng.reporters.JUnitReportReporter -->
<testsuite hostname="LP-5CG1225D1D" name="com.example.test2_prioprity" tests="4" failures="0" timestamp="4 Aug 2021 18:49:08 GMT" time="0.025" errors="0">
  <testcase name="laptopSearch" time="0.017" classname="com.example.test2_prioprity"/>
  <testcase name="musicSearch" time="0.003" classname="com.example.test2_prioprity"/>
  <testcase name="earphonesSearch" time="0.002" classname="com.example.test2_prioprity"/>
  <testcase name="mobileSearch" time="0.003" classname="com.example.test2_prioprity"/>
</testsuite> <!-- com.example.test2_prioprity -->
