<?xml version="1.0" encoding="UTF-8"?>
<!-- Generated by org.testng.reporters.JUnitReportReporter -->
<testsuite hostname="LP-5CG1225D1D" name="com.example.test1_annotation" tests="3" failures="0" timestamp="18 Aug 2021 05:53:11 GMT" time="0.008" errors="0">
  <testcase name="a" time="0.001" classname="com.example.test1_annotation"/>
  <testcase name="c" time="0.001" classname="com.example.test1_annotation"/>
  <testcase name="b" time="0.006" classname="com.example.test1_annotation"/>
</testsuite> <!-- com.example.test1_annotation -->
