<?xml version="1.0" encoding="UTF-8"?>
<!-- Generated by org.testng.reporters.JUnitReportReporter -->
<testsuite hostname="LAPTOP-1VPF61L6" failures="0" tests="3" name="com.example.test1_annotation" time="0.012" errors="0" timestamp="2023-05-14T12:31:23 IST" skipped="0">
  <testcase classname="com.example.test1_annotation" name="b" time="0.007"/>
  <system-out/>
  <testcase classname="com.example.test1_annotation" name="c" time="0.003"/>
  <system-out/>
  <testcase classname="com.example.test1_annotation" name="a" time="0.002"/>
  <system-out/>
</testsuite> <!-- com.example.test1_annotation -->
