<?xml version="1.0" encoding="UTF-8"?>
<!-- Generated by org.testng.reporters.JUnitReportReporter -->
<testsuite hostname="LP-5CG1225D1D" name="com.example.test1" tests="3" failures="0" timestamp="4 Aug 2021 18:19:59 GMT" time="0.014" errors="0">
  <testcase name="a" time="0.003" classname="com.example.test1"/>
  <testcase name="c" time="0.004" classname="com.example.test1"/>
  <testcase name="b" time="0.007" classname="com.example.test1"/>
</testsuite> <!-- com.example.test1 -->
