<?xml version="1.0" encoding="UTF-8"?>
<!-- Generated by org.testng.reporters.JUnitReportReporter -->
<testsuite hostname="LP-5CG1225D1D" name="com.example.test3_groups" tests="3" failures="0" timestamp="4 Aug 2021 18:49:28 GMT" time="0.015" errors="0">
  <testcase name="mobileSearch" time="0.001" classname="com.example.test3_groups"/>
  <testcase name="earphonesSearch" time="0.012" classname="com.example.test3_groups"/>
  <testcase name="laptopSearch" time="0.002" classname="com.example.test3_groups"/>
</testsuite> <!-- com.example.test3_groups -->
