<?xml version="1.0" encoding="UTF-8"?>
<!-- Generated by org.testng.reporters.JUnitReportReporter -->
<testsuite hostname="LP-5CG1225D1D" name="com.example1.test3_parallel" tests="5" failures="0" timestamp="4 Aug 2021 18:39:58 GMT" time="0.020" errors="0">
  <testcase name="laptopSearch" time="0.002" classname="com.example1.test3_parallel"/>
  <testcase name="earphonesSearch" time="0.002" classname="com.example1.test3_parallel"/>
  <testcase name="mobileSearch" time="0.001" classname="com.example1.test3_parallel"/>
  <testcase name="bookSearch" time="0.013" classname="com.example1.test3_parallel"/>
  <testcase name="novelSearch" time="0.002" classname="com.example1.test3_parallel"/>
</testsuite> <!-- com.example1.test3_parallel -->
