<?xml version="1.0" encoding="UTF-8"?>
<!-- Generated by org.testng.reporters.JUnitReportReporter -->
<testsuite hostname="Chethan" failures="0" tests="4" name="com.example.test2_prioprity" time="0.013" errors="0" timestamp="2023-04-06T23:25:04 IST" skipped="0">
  <testcase classname="com.example.test2_prioprity" name="laptopSearch" time="0.009"/>
  <system-out/>
  <testcase classname="com.example.test2_prioprity" name="musicSearch" time="0.002"/>
  <system-out/>
  <testcase classname="com.example.test2_prioprity" name="earphonesSearch" time="0.001"/>
  <system-out/>
  <testcase classname="com.example.test2_prioprity" name="mobileSearch" time="0.001"/>
  <system-out/>
</testsuite> <!-- com.example.test2_prioprity -->
