<?xml version="1.0" encoding="UTF-8"?>
<!-- Generated by org.testng.reporters.JUnitReportReporter -->
<testsuite hostname="Chethan" failures="0" tests="5" name="com.example.test4_parallel" time="0.017" errors="0" timestamp="2023-04-06T23:25:37 IST" skipped="0">
  <testcase classname="com.example.test4_parallel" name="bookSearch" time="0.012"/>
  <system-out/>
  <testcase classname="com.example.test4_parallel" name="mobileSearch" time="0.001"/>
  <system-out/>
  <testcase classname="com.example.test4_parallel" name="novelSearch" time="0.001"/>
  <system-out/>
  <testcase classname="com.example.test4_parallel" name="laptopSearch" time="0.001"/>
  <system-out/>
  <testcase classname="com.example.test4_parallel" name="earphonesSearch" time="0.002"/>
  <system-out/>
</testsuite> <!-- com.example.test4_parallel -->
