<?xml version="1.0" encoding="UTF-8"?>
<!-- Generated by org.testng.reporters.JUnitReportReporter -->
<testsuite hostname="Chethan" failures="0" tests="3" name="com.example.test3_groups" time="0.013" errors="0" timestamp="2023-04-06T23:25:28 IST" skipped="0">
  <testcase classname="com.example.test3_groups" name="laptopSearch" time="0.001"/>
  <system-out/>
  <testcase classname="com.example.test3_groups" name="mobileSearch" time="0.001"/>
  <system-out/>
  <testcase classname="com.example.test3_groups" name="earphonesSearch" time="0.011"/>
  <system-out/>
</testsuite> <!-- com.example.test3_groups -->
