<?xml version="1.0" encoding="UTF-8"?>
<!-- Generated by org.testng.reporters.JUnitReportReporter -->
<testsuite hostname="LP-5CG1225D1D" failures="0" tests="1" name="ordered_unordered_list.unordered_list" time="9.042" errors="0" timestamp="2021-09-06T19:21:29 IST" skipped="0">
  <testcase classname="ordered_unordered_list.unordered_list" name="orderlist" time="9.042"/>
  <system-out/>
</testsuite> <!-- ordered_unordered_list.unordered_list -->
