<?xml version="1.0" encoding="UTF-8"?>
<!-- Generated by org.testng.reporters.JUnitReportReporter -->
<testsuite hostname="LP-5CG1225D1D" name="ordered_unordered_list.scroll" tests="1" failures="0" timestamp="13 Aug 2021 14:57:13 GMT" time="8.690" errors="0">
  <testcase name="orderlist" time="8.690" classname="ordered_unordered_list.scroll"/>
</testsuite> <!-- ordered_unordered_list.scroll -->
