<?xml version="1.0" encoding="UTF-8"?>
<!-- Generated by org.testng.reporters.JUnitReportReporter -->
<testsuite hostname="LAPTOP-1VPF61L6" failures="0" tests="1" name="Functionality_PageFactory.Class_Login" time="5.967" errors="0" timestamp="2023-05-14T17:42:50 IST" skipped="0">
  <testcase classname="Functionality_PageFactory.Class_Login" name="test1" time="5.967"/>
  <system-out/>
</testsuite> <!-- Functionality_PageFactory.Class_Login -->
