<?xml version="1.0" encoding="UTF-8"?>
<!-- Generated by org.testng.reporters.JUnitReportReporter -->
<testsuite hostname="LP-5CG1225D1D" name="fuctionality.login" tests="1" failures="0" timestamp="13 Aug 2021 16:07:05 GMT" time="10.107" errors="0">
  <testcase name="f" time="10.107" classname="fuctionality.login"/>
</testsuite> <!-- fuctionality.login -->
