<?xml version="1.0" encoding="UTF-8"?>
<!-- Generated by org.testng.reporters.JUnitReportReporter -->
<testsuite hostname="LP-5CG1225D1D" name="ordered_unordered_list" tests="1" failures="0" timestamp="12 Aug 2021 11:06:50 GMT" time="6.546" errors="0">
  <testcase name="orderlist" time="6.546" classname="ordered_unordered_list"/>
</testsuite> <!-- ordered_unordered_list -->
