<?xml version="1.0" encoding="UTF-8"?>
<!-- Generated by org.testng.reporters.JUnitReportReporter -->
<testsuite skipped="0" hostname="LP-5CG1225D1D" name="ordered_unordered_list.ordered_list" tests="1" failures="0" timestamp="2021-08-26T17:16:48 IST" time="7.782" errors="0">
  <testcase name="orderlist" time="7.782" classname="ordered_unordered_list.ordered_list"/>
  <system-out/>
</testsuite> <!-- ordered_unordered_list.ordered_list -->
