<?xml version="1.0" encoding="UTF-8"?>
<!-- Generated by org.testng.reporters.JUnitReportReporter -->
<testsuite hostname="LP-5CG1225D1D" name="ordered_unordered_list.scroll1" tests="1" failures="0" timestamp="13 Aug 2021 15:35:00 GMT" time="10.722" errors="0">
  <testcase name="orderlist" time="10.722" classname="ordered_unordered_list.scroll1"/>
</testsuite> <!-- ordered_unordered_list.scroll1 -->
