<?xml version="1.0" encoding="UTF-8"?>
<!-- Generated by org.testng.reporters.JUnitReportReporter -->
<testsuite hostname="LP-5CG1225D1D" name="ordered_unordered_list.Robot_class" tests="1" failures="0" timestamp="12 Aug 2021 13:02:36 GMT" time="4.850" errors="0">
  <testcase name="f" time="4.850" classname="ordered_unordered_list.Robot_class"/>
</testsuite> <!-- ordered_unordered_list.Robot_class -->
