<?xml version="1.0" encoding="UTF-8"?>
<!-- Generated by org.testng.reporters.JUnitReportReporter -->
<testsuite hostname="LP-5CG1225D1D" name="ordered_unordered_list.Alert_screenshot" tests="1" failures="0" timestamp="12 Aug 2021 14:58:51 GMT" time="9.686" errors="0">
  <testcase name="f" time="9.686" classname="ordered_unordered_list.Alert_screenshot"/>
</testsuite> <!-- ordered_unordered_list.Alert_screenshot -->
