<?xml version="1.0" encoding="UTF-8"?>
<!-- Generated by org.testng.reporters.JUnitReportReporter -->
<testsuite hostname="LP-5CG1225D1D" name="ordered_unordered_list.datd_picker" tests="1" failures="0" timestamp="13 Aug 2021 08:22:12 GMT" time="10.836" errors="0">
  <testcase name="orderlist" time="10.836" classname="ordered_unordered_list.datd_picker"/>
</testsuite> <!-- ordered_unordered_list.datd_picker -->
