<?xml version="1.0" encoding="UTF-8"?>
<!-- Generated by org.testng.reporters.JUnitReportReporter -->
<testsuite hostname="LP-5CG1225D1D" name="Functionality_PageFactory.Class_Login" tests="1" failures="0" timestamp="16 Aug 2021 12:33:38 GMT" time="7.430" errors="0">
  <testcase name="test1" time="7.430" classname="Functionality_PageFactory.Class_Login"/>
</testsuite> <!-- Functionality_PageFactory.Class_Login -->
