<?xml version="1.0" encoding="UTF-8"?>
<!-- Generated by org.testng.reporters.JUnitReportReporter -->
<testsuite hostname="LAPTOP-1VPF61L6" failures="0" tests="1" name="ordered_unordered_list.Alert_screenshot" time="18.196" errors="0" timestamp="2023-07-28T20:53:13 IST" skipped="0">
  <testcase classname="ordered_unordered_list.Alert_screenshot" name="f" time="18.196"/>
  <system-out/>
</testsuite> <!-- ordered_unordered_list.Alert_screenshot -->
