<?xml version="1.0" encoding="UTF-8"?>
<!-- Generated by org.testng.reporters.JUnitReportReporter -->
<testsuite hostname="LP-5CG1225D1D" name="Ksrtc_Value_page.KSRTC_Value" tests="1" failures="0" timestamp="16 Aug 2021 11:13:18 GMT" time="17.500" errors="0">
  <testcase name="f" time="17.500" classname="Ksrtc_Value_page.KSRTC_Value"/>
</testsuite> <!-- Ksrtc_Value_page.KSRTC_Value -->
