<?xml version="1.0" encoding="UTF-8"?>
<!-- Generated by org.testng.reporters.JUnitReportReporter -->
<testsuite skipped="0" hostname="LP-5CG1225D1D" name="ordered_unordered_list.practice1_unordered" tests="1" failures="0" timestamp="2021-08-26T17:13:14 IST" time="29.081" errors="0">
  <testcase name="orderlist" time="29.081" classname="ordered_unordered_list.practice1_unordered"/>
  <system-out/>
</testsuite> <!-- ordered_unordered_list.practice1_unordered -->
