<?xml version="1.0" encoding="UTF-8"?>
<!-- Generated by org.testng.reporters.JUnitReportReporter -->
<testsuite hostname="LP-5CG1225D1D" name="ordered_unordered_list.practice2_unorderedlist" tests="1" failures="0" timestamp="12 Aug 2021 14:52:04 GMT" time="27.277" errors="0">
  <testcase name="orderlist" time="27.277" classname="ordered_unordered_list.practice2_unorderedlist"/>
</testsuite> <!-- ordered_unordered_list.practice2_unorderedlist -->
