<?xml version="1.0" encoding="UTF-8"?>
<!-- Generated by org.testng.reporters.JUnitReportReporter -->
<testsuite hostname="LAPTOP-1VPF61L6" failures="0" tests="1" name="ordered_unordered_list.Alert_screenshot" time="11.257" errors="0" timestamp="2023-05-14T17:57:52 IST" skipped="0">
  <testcase classname="ordered_unordered_list.Alert_screenshot" name="f" time="11.257"/>
  <system-out/>
</testsuite> <!-- ordered_unordered_list.Alert_screenshot -->
