<?xml version="1.0" encoding="UTF-8"?>
<!-- Generated by org.testng.reporters.JUnitReportReporter -->
<testsuite hostname="LP-5CG1225D1D" name="unordered_list" tests="1" failures="0" timestamp="12 Aug 2021 11:19:29 GMT" time="9.778" errors="0">
  <testcase name="orderlist" time="9.778" classname="unordered_list"/>
</testsuite> <!-- unordered_list -->
