<?xml version="1.0" encoding="UTF-8"?>
<!-- Generated by org.testng.reporters.JUnitReportReporter -->
<testsuite hostname="LP-5CG1225D1D" name="ordered_unordered_list.screenshot" tests="1" failures="0" timestamp="12 Aug 2021 12:39:20 GMT" time="5.029" errors="0">
  <testcase name="orderlist" time="5.029" classname="ordered_unordered_list.screenshot"/>
</testsuite> <!-- ordered_unordered_list.screenshot -->
