<?xml version="1.0" encoding="UTF-8"?>
<!-- Generated by org.testng.reporters.JUnitReportReporter -->
<testsuite hostname="LAPTOP-1VPF61L6" failures="0" tests="1" name="ordered_unordered_list.date_picker" time="6.161" errors="0" timestamp="2023-05-14T17:59:55 IST" skipped="0">
  <testcase classname="ordered_unordered_list.date_picker" name="orderlist" time="6.161"/>
  <system-out/>
</testsuite> <!-- ordered_unordered_list.date_picker -->
