<?xml version="1.0" encoding="UTF-8"?>
<!-- Generated by org.testng.reporters.JUnitReportReporter -->
<testsuite hostname="LP-5CG1225D1D" name="testcases.login" tests="1" failures="0" timestamp="24 Aug 2021 16:26:38 GMT" time="6.628" errors="0">
  <testcase name="loginref" time="6.628" classname="testcases.login"/>
</testsuite> <!-- testcases.login -->
