<?xml version="1.0" encoding="UTF-8"?>
<!-- Generated by org.testng.reporters.JUnitReportReporter -->
<testsuite hostname="Chethan" failures="0" tests="2" name="script1.calculateTest" time="0.017" errors="0" timestamp="2023-04-06T23:13:53 IST" skipped="0">
  <testcase classname="script1.calculateTest" name="testMul" time="0.015"/>
  <system-out/>
  <testcase classname="script1.calculateTest" name="testSub" time="0.002"/>
  <system-out/>
</testsuite> <!-- script1.calculateTest -->
