<?xml version="1.0" encoding="UTF-8"?>
<!-- Generated by org.testng.reporters.JUnitReportReporter -->
<testsuite hostname="Chethan" failures="0" tests="1" name="script2.type_of_assertion" time="0.109" errors="0" timestamp="2023-04-06T23:16:01 IST" skipped="0">
  <testcase classname="script2.type_of_assertion" name="testAssert" time="0.109"/>
  <system-out/>
</testsuite> <!-- script2.type_of_assertion -->
