<?xml version="1.0" encoding="UTF-8"?>
<!-- Generated by org.testng.reporters.JUnitReportReporter -->
<testsuite hostname="LAPTOP-1VPF61L6" failures="0" tests="2" name="script1.calculateTest" time="0.017" errors="0" timestamp="2023-05-14T12:24:58 IST" skipped="0">
  <testcase classname="script1.calculateTest" name="testMul" time="0.016"/>
  <system-out/>
  <testcase classname="script1.calculateTest" name="testSub" time="0.001"/>
  <system-out/>
</testsuite> <!-- script1.calculateTest -->
