<?xml version="1.0" encoding="UTF-8"?>
<!-- Generated by org.testng.reporters.JUnitReportReporter -->
<testsuite hostname="LAPTOP-1VPF61L6" failures="0" tests="1" name="script2.type_of_assertion" time="0.126" errors="0" timestamp="2023-05-14T12:28:34 IST" skipped="0">
  <testcase classname="script2.type_of_assertion" name="testAssert" time="0.126"/>
  <system-out/>
</testsuite> <!-- script2.type_of_assertion -->
