<?xml version="1.0" encoding="UTF-8"?>
<!-- Generated by org.testng.reporters.JUnitReportReporter -->
<testsuite hostname="LAPTOP-1VPF61L6" failures="0" tests="3" name="script1.calculateTest" time="0.037" errors="0" timestamp="2023-07-28T20:05:32 IST" skipped="0">
  <testcase classname="script1.calculateTest" name="testAdd" time="0.030"/>
  <system-out/>
  <testcase classname="script1.calculateTest" name="testMul" time="0.004"/>
  <system-out/>
  <testcase classname="script1.calculateTest" name="testSub" time="0.003"/>
  <system-out/>
</testsuite> <!-- script1.calculateTest -->
