<?xml version="1.0" encoding="UTF-8"?>
<!-- Generated by org.testng.reporters.JUnitReportReporter -->
<testsuite skipped="0" hostname="LP-5CG1225D1D" name="Homepage" tests="1" failures="0" timestamp="2021-08-25T23:27:17 IST" time="5.721" errors="0">
  <testcase name="basepageNavigation" time="5.721" classname="Homepage"/>
  <system-out/>
</testsuite> <!-- Homepage -->
