<?xml version="1.0" encoding="UTF-8"?>
<!-- Generated by org.testng.reporters.JUnitReportReporter -->
<testsuite hostname="LP-5CG1225D1D" name="seleninum3.actionsclass" tests="1" failures="0" timestamp="10 Aug 2021 16:30:50 GMT" time="5.737" errors="0">
  <testcase name="f" time="5.737" classname="seleninum3.actionsclass"/>
</testsuite> <!-- seleninum3.actionsclass -->
