<?xml version="1.0" encoding="UTF-8"?>
<!-- Generated by org.testng.reporters.JUnitReportReporter -->
<testsuite hostname="LP-5CG1225D1D" failures="0" tests="1" name="seleninum3.drag_drop_task" time="8.472" errors="0" timestamp="2021-10-13T22:34:31 IST" skipped="0">
  <testcase classname="seleninum3.drag_drop_task" name="f_drag" time="8.472"/>
  <system-out/>
</testsuite> <!-- seleninum3.drag_drop_task -->
