<?xml version="1.0" encoding="UTF-8"?>
<!-- Generated by org.testng.reporters.JUnitReportReporter -->
<testsuite hostname="LP-5CG1225D1D" failures="0" tests="1" name="seleninum3.actionsclass" time="63.083" errors="0" timestamp="2021-10-13T22:32:25 IST" skipped="0">
  <testcase classname="seleninum3.actionsclass" name="f" time="63.083"/>
  <system-out/>
</testsuite> <!-- seleninum3.actionsclass -->
