<?xml version="1.0" encoding="UTF-8"?>
<!-- Generated by org.testng.reporters.JUnitReportReporter -->
<testsuite hostname="LP-5CG1225D1D" name="seleninum3.webdriver_buttons" tests="1" failures="0" timestamp="8 Aug 2021 17:07:35 GMT" time="5.513" errors="0">
  <testcase name="f" time="5.513" classname="seleninum3.webdriver_buttons"/>
</testsuite> <!-- seleninum3.webdriver_buttons -->
