<?xml version="1.0" encoding="UTF-8"?>
<!-- Generated by org.testng.reporters.JUnitReportReporter -->
<testsuite skipped="0" hostname="LP-5CG1225D1D" name="seleninum3.frame_program1" tests="1" failures="0" timestamp="2021-08-26T21:43:10 IST" time="6.894" errors="0">
  <testcase name="f" time="6.894" classname="seleninum3.frame_program1"/>
  <system-out/>
</testsuite> <!-- seleninum3.frame_program1 -->
