<?xml version="1.0" encoding="UTF-8"?>
<!-- Generated by org.testng.reporters.JUnitReportReporter -->
<testsuite hostname="LP-5CG1225D1D" name="seleninum3.radio_button" tests="1" failures="0" timestamp="8 Aug 2021 17:09:11 GMT" time="5.115" errors="0">
  <testcase name="f" time="5.115" classname="seleninum3.radio_button"/>
</testsuite> <!-- seleninum3.radio_button -->
