<?xml version="1.0" encoding="UTF-8"?>
<!-- Generated by org.testng.reporters.JUnitReportReporter -->
<testsuite hostname="LP-5CG1225D1D" name="seleninum3.drag_drop_task" tests="1" failures="0" timestamp="12 Aug 2021 15:14:50 GMT" time="5.445" errors="0">
  <testcase name="f_drag" time="5.445" classname="seleninum3.drag_drop_task"/>
</testsuite> <!-- seleninum3.drag_drop_task -->
