<?xml version="1.0" encoding="UTF-8"?>
<!-- Generated by org.testng.reporters.JUnitReportReporter -->
<testsuite hostname="LP-5CG1225D1D" name="seleninum3.Alert_program1" tests="1" failures="0" timestamp="9 Aug 2021 03:16:51 GMT" time="4.457" errors="0">
  <testcase name="f" time="4.457" classname="seleninum3.Alert_program1"/>
</testsuite> <!-- seleninum3.Alert_program1 -->
