<?xml version="1.0" encoding="UTF-8"?>
<!-- Generated by org.testng.reporters.JUnitReportReporter -->
<testsuite hostname="LP-5CG1225D1D" name="seleninum3.Webdriver_program1" tests="1" failures="0" timestamp="8 Aug 2021 16:51:52 GMT" time="6.366" errors="0">
  <testcase name="f" time="6.366" classname="seleninum3.Webdriver_program1"/>
</testsuite> <!-- seleninum3.Webdriver_program1 -->
