<?xml version="1.0" encoding="UTF-8"?>
<!-- Generated by org.testng.reporters.JUnitReportReporter -->
<testsuite hostname="LP-5CG1225D1D" name="seleninum3.windowhandle" tests="1" failures="0" timestamp="9 Aug 2021 09:56:20 GMT" time="6.662" errors="0">
  <testcase name="f" time="6.662" classname="seleninum3.windowhandle"/>
</testsuite> <!-- seleninum3.windowhandle -->
