<?xml version="1.0" encoding="UTF-8"?>
<!-- Generated by org.testng.reporters.JUnitReportReporter -->
<testsuite hostname="LP-5CG1225D1D" name="seleninum3.Navigate_commands" tests="1" failures="0" timestamp="9 Aug 2021 15:17:23 GMT" time="175.941" errors="0">
  <testcase name="f" time="175.941" classname="seleninum3.Navigate_commands"/>
</testsuite> <!-- seleninum3.Navigate_commands -->
