<?xml version="1.0" encoding="UTF-8"?>
<!-- Generated by org.testng.reporters.JUnitReportReporter -->
<testsuite hostname="LP-5CG1225D1D" name="seleninum3.Table_program1" tests="1" failures="0" timestamp="9 Aug 2021 15:32:32 GMT" time="3.650" errors="0">
  <testcase name="f" time="3.650" classname="seleninum3.Table_program1"/>
</testsuite> <!-- seleninum3.Table_program1 -->
