<?xml version="1.0" encoding="UTF-8"?>
<!-- Generated by org.testng.reporters.JUnitReportReporter -->
<testsuite hostname="LP-5CG1225D1D" name="seleninum3.waitstatement" tests="1" failures="0" timestamp="10 Aug 2021 08:45:03 GMT" time="10.753" errors="0">
  <testcase name="f" time="10.753" classname="seleninum3.waitstatement"/>
</testsuite> <!-- seleninum3.waitstatement -->
