<?xml version="1.0" encoding="UTF-8"?>
<!-- Generated by org.testng.reporters.JUnitReportReporter -->
<testsuite hostname="LP-5CG1225D1D" name="seleninum3.check_box" tests="1" failures="0" timestamp="8 Aug 2021 17:20:01 GMT" time="5.726" errors="0">
  <testcase name="f" time="5.726" classname="seleninum3.check_box"/>
</testsuite> <!-- seleninum3.check_box -->
