<?xml version="1.0" encoding="UTF-8"?>
<!-- Generated by org.testng.reporters.JUnitReportReporter -->
<testsuite hostname="LP-5CG1225D1D" failures="0" tests="1" name="Store_Procedure_Testing.SPTesting" time="0.082" errors="0" timestamp="2021-11-01T13:03:40 IST" skipped="0">
  <testcase classname="Store_Procedure_Testing.SPTesting" name="test_GetCustomerShipping" time="0.082"/>
  <system-out/>
</testsuite> <!-- Store_Procedure_Testing.SPTesting -->
