<?xml version="1.0" encoding="UTF-8"?>
<!-- Generated by org.testng.reporters.JUnitReportReporter -->
<testsuite hostname="LP-5CG1225D1D" name="Listeners.Testcase" tests="1" failures="0" timestamp="22 Aug 2021 15:12:00 GMT" time="13.199" errors="0">
  <testcase name="feed" time="13.199" classname="Listeners.Testcase"/>
</testsuite> <!-- Listeners.Testcase -->
