<?xml version="1.0" encoding="UTF-8"?>
<!-- Generated by org.testng.reporters.JUnitReportReporter -->
<testsuite hostname="LAPTOP-1VPF61L6" failures="0" tests="1" name="cookies.cookies" time="54.559" errors="0" timestamp="2023-05-21T09:03:04 IST" skipped="0">
  <testcase classname="cookies.cookies" name="itime" time="54.559"/>
  <system-out/>
</testsuite> <!-- cookies.cookies -->
