<?xml version="1.0" encoding="UTF-8"?>
<!-- Generated by org.testng.reporters.JUnitReportReporter -->
<testsuite hostname="LP-5CG1225D1D" name="Excel_Automate.Check_Excel" tests="1" failures="0" timestamp="20 Aug 2021 02:49:04 GMT" time="21.768" errors="0">
  <testcase name="download" time="21.768" classname="Excel_Automate.Check_Excel"/>
</testsuite> <!-- Excel_Automate.Check_Excel -->
