<?xml version="1.0" encoding="UTF-8"?>
<!-- Generated by org.testng.reporters.JUnitReportReporter -->
<testsuite hostname="LP-5CG1225D1D" failures="0" tests="1" name="cookies.cookies" time="7.940" errors="0" timestamp="2021-08-31T12:06:07 IST" skipped="0">
  <testcase classname="cookies.cookies" name="itime" time="7.940"/>
  <system-out/>
</testsuite> <!-- cookies.cookies -->
