<?xml version="1.0" encoding="UTF-8"?>
<!-- Generated by org.testng.reporters.JUnitReportReporter -->
<testsuite hostname="LP-5CG1225D1D" name="Listerner.Ksrtc_Testcase" tests="1" failures="0" timestamp="24 Aug 2021 14:56:43 GMT" time="14.997" errors="0">
  <testcase name="feed" time="14.997" classname="Listerner.Ksrtc_Testcase"/>
</testsuite> <!-- Listerner.Ksrtc_Testcase -->
