<?xml version="1.0" encoding="UTF-8"?>
<!-- Generated by org.testng.reporters.JUnitReportReporter -->
<testsuite hostname="LP-5CG1225D1D" failures="0" tests="1" name="Krtc_listerners.ksrtc_Testcase" time="23.983" errors="0" timestamp="2021-08-31T12:04:26 IST" skipped="0">
  <testcase classname="Krtc_listerners.ksrtc_Testcase" name="feed" time="23.983"/>
  <system-out/>
</testsuite> <!-- Krtc_listerners.ksrtc_Testcase -->
