<?xml version="1.0" encoding="UTF-8"?>
<!-- Generated by org.testng.reporters.JUnitReportReporter -->
<testsuite hostname="LP-5CG1225D1D" name="Maven_projects.REstapiTest" tests="2" failures="0" timestamp="22 Aug 2021 12:30:01 GMT" time="0.002" errors="0">
  <testcase name="deleteTwitter" time="0.001" classname="Maven_projects.REstapiTest"/>
  <testcase name="postJira" time="0.001" classname="Maven_projects.REstapiTest"/>
</testsuite> <!-- Maven_projects.REstapiTest -->
