<?xml version="1.0" encoding="UTF-8"?>
<!-- Generated by org.testng.reporters.JUnitReportReporter -->
<testsuite hostname="LP-5CG1225D1D" name="Extend_Report.Extend_Report" tests="1" failures="0" timestamp="24 Aug 2021 14:09:10 GMT" time="6.320" errors="0">
  <testcase name="initialDemo" time="6.320" classname="Extend_Report.Extend_Report"/>
</testsuite> <!-- Extend_Report.Extend_Report -->
