<?xml version="1.0" encoding="UTF-8"?>
<!-- Generated by org.testng.reporters.JUnitReportReporter -->
<testsuite hostname="LP-5CG1225D1D" name="test.day2" tests="1" failures="0" timestamp="18 Aug 2021 16:24:34 GMT" time="0.001" errors="0">
  <testcase name="Demo3" time="0.001" classname="test.day2"/>
</testsuite> <!-- test.day2 -->
