<?xml version="1.0" encoding="UTF-8"?>
<!-- Generated by org.testng.reporters.JUnitReportReporter -->
<testsuite hostname="LP-5CG1225D1D" name="test.day3" tests="3" failures="0" timestamp="24 Aug 2021 14:04:42 GMT" time="0.022" errors="0">
  <testcase name="Mobileloginloan" time="0.001" classname="test.day3"/>
  <testcase name="APIloginloan" time="0.019" classname="test.day3"/>
  <testcase name="webloginloan" time="0.002" classname="test.day3"/>
</testsuite> <!-- test.day3 -->
