<?xml version="1.0" encoding="UTF-8"?>
<!-- Generated by org.testng.reporters.JUnitReportReporter -->
<testsuite hostname="LP-5CG1225D1D" name="Testng_Testing.Fuctional_Testing" tests="4" failures="0" timestamp="18 Aug 2021 16:44:22 GMT" time="0.007" errors="0">
  <testcase name="scenario2" time="0.001" classname="Testng_Testing.Fuctional_Testing"/>
  <testcase name="scenario2" time="0.003" classname="Testng_Testing.Fuctional_Testing"/>
  <testcase name="scenario3" time="0.002" classname="Testng_Testing.Fuctional_Testing"/>
  <testcase name="scenario1" time="0.001" classname="Testng_Testing.Fuctional_Testing"/>
</testsuite> <!-- Testng_Testing.Fuctional_Testing -->
