<?xml version="1.0" encoding="UTF-8"?>
<!-- Generated by org.testng.reporters.JUnitReportReporter -->
<testsuite hostname="LP-5CG1225D1D" name="Maven_projects.SeleninumTest" tests="2" failures="0" timestamp="22 Aug 2021 12:30:01 GMT" time="0.013" errors="0">
  <testcase name="elementsUi" time="0.001" classname="Maven_projects.SeleninumTest"/>
  <testcase name="BrowserAUtomation" time="0.012" classname="Maven_projects.SeleninumTest"/>
</testsuite> <!-- Maven_projects.SeleninumTest -->
