<?xml version="1.0" encoding="UTF-8"?>
<!-- Generated by org.testng.reporters.JUnitReportReporter -->
<testsuite hostname="LP-5CG1225D1D" name="Testng_Testing.UnitlevelTesting" tests="4" failures="0" timestamp="18 Aug 2021 16:44:22 GMT" time="0.007" errors="0">
  <testcase name="unitTest3" time="0.001" classname="Testng_Testing.UnitlevelTesting"/>
  <testcase name="unitTest1" time="0.004" classname="Testng_Testing.UnitlevelTesting"/>
  <testcase name="unitTest2" time="0.001" classname="Testng_Testing.UnitlevelTesting"/>
  <testcase name="unitTest3" time="0.001" classname="Testng_Testing.UnitlevelTesting"/>
</testsuite> <!-- Testng_Testing.UnitlevelTesting -->
