<?xml version="1.0" encoding="UTF-8"?>
<!-- Generated by org.testng.reporters.JUnitReportReporter -->
<testsuite hostname="LP-5CG1225D1D" name="Full_framework_testng.day2" tests="1" failures="0" timestamp="21 Aug 2021 03:08:25 GMT" time="0.005" errors="0">
  <testcase name="ploan" time="0.005" classname="Full_framework_testng.day2"/>
</testsuite> <!-- Full_framework_testng.day2 -->
