<?xml version="1.0" encoding="UTF-8"?>
<!-- Generated by org.testng.reporters.JUnitReportReporter -->
<testsuite hostname="LP-5CG1225D1D" name="Testng_Testing.UI_Testing" tests="5" failures="0" timestamp="18 Aug 2021 16:44:22 GMT" time="0.006" errors="0">
  <testcase name="ui2" time="0.001" classname="Testng_Testing.UI_Testing"/>
  <testcase name="ui4" time="0.001" classname="Testng_Testing.UI_Testing"/>
  <testcase name="ui1" time="0.002" classname="Testng_Testing.UI_Testing"/>
  <testcase name="ui3" time="0.001" classname="Testng_Testing.UI_Testing"/>
  <testcase name="ui1" time="0.001" classname="Testng_Testing.UI_Testing"/>
</testsuite> <!-- Testng_Testing.UI_Testing -->
