<?xml version="1.0" encoding="UTF-8"?>
<!-- Generated by org.testng.reporters.JUnitReportReporter -->
<testsuite hostname="LP-5CG1225D1D" name="readdatafrom_apache$Read_apache" tests="1" failures="0" timestamp="17 Aug 2021 12:37:46 GMT" time="36.110" errors="0">
  <testcase name="f" time="36.110" classname="readdatafrom_apache$Read_apache"/>
</testsuite> <!-- readdatafrom_apache$Read_apache -->
