<?xml version="1.0" encoding="UTF-8"?>
<!-- Generated by org.testng.reporters.JUnitReportReporter -->
<testsuite hostname="LP-5CG1225D1D" name="KSRTC_pagefactory_main.ksrtc_pagefactory_main$login" tests="1" failures="0" timestamp="17 Aug 2021 15:34:28 GMT" time="16.259" errors="0">
  <testcase name="f" time="16.259" classname="KSRTC_pagefactory_main.ksrtc_pagefactory_main$login"/>
</testsuite> <!-- KSRTC_pagefactory_main.ksrtc_pagefactory_main$login -->
