<?xml version="1.0" encoding="UTF-8"?>
<!-- Generated by org.testng.reporters.JUnitReportReporter -->
<testsuite hostname="LP-5CG1225D1D" failures="0" tests="2" name="Academy.HomePage" time="6.670" errors="0" timestamp="2021-08-30T16:03:43 IST" skipped="0">
  <testcase classname="Academy.HomePage" name="basePageNavigation" time="5.019"/>
  <system-out/>
  <testcase classname="Academy.HomePage" name="basePageNavigation" time="1.651"/>
  <system-out/>
</testsuite> <!-- Academy.HomePage -->
