<?xml version="1.0" encoding="UTF-8"?>
<!-- Generated by org.testng.reporters.JUnitReportReporter -->
<testsuite hostname="LP-5CG1225D1D" failures="0" tests="1" name="Academy.validateNavigationBar" time="1.355" errors="0" timestamp="2021-08-30T17:08:35 IST" skipped="0">
  <testcase classname="Academy.validateNavigationBar" name="validateAppNavBar" time="1.355"/>
  <system-out/>
</testsuite> <!-- Academy.validateNavigationBar -->
