<?xml version="1.0" encoding="UTF-8"?>
<!-- Generated by org.testng.reporters.JUnitReportReporter -->
<testsuite hostname="LP-5CG1225D1D" failures="0" tests="2" name="Academy.HomePage" time="8.839" errors="0" timestamp="2021-08-31T12:21:50 IST" skipped="0">
  <testcase classname="Academy.HomePage" name="basePageNavigation" time="6.752"/>
  <system-out/>
  <testcase classname="Academy.HomePage" name="basePageNavigation" time="2.087"/>
  <system-out/>
</testsuite> <!-- Academy.HomePage -->
