<?xml version="1.0" encoding="UTF-8"?>
<!-- Generated by org.testng.reporters.JUnitReportReporter -->
<testsuite hostname="LP-5CG1225D1D" name="selenium4.ksrtc" tests="1" failures="0" timestamp="11 Aug 2021 08:12:53 GMT" time="21.652" errors="0">
  <testcase name="feed" time="21.652" classname="selenium4.ksrtc"/>
</testsuite> <!-- selenium4.ksrtc -->
