<?xml version="1.0" encoding="UTF-8"?>
<!-- Generated by org.testng.reporters.JUnitReportReporter -->
<testsuite hostname="LP-5CG1225D1D" name="selenium4.program2" tests="1" failures="0" timestamp="10 Aug 2021 09:49:59 GMT" time="6.784" errors="0">
  <testcase name="fablous" time="6.784" classname="selenium4.program2"/>
</testsuite> <!-- selenium4.program2 -->
