<?xml version="1.0" encoding="UTF-8"?>
<!-- Generated by org.testng.reporters.JUnitReportReporter -->
<testsuite skipped="0" hostname="LP-5CG1225D1D" name="instgram.unfollowers" tests="1" failures="0" timestamp="2021-08-27T10:04:33 IST" time="17.092" errors="0">
  <testcase name="unfollow" time="17.092" classname="instgram.unfollowers"/>
  <system-out/>
</testsuite> <!-- instgram.unfollowers -->
