<?xml version="1.0" encoding="UTF-8"?>
<!-- Generated by org.testng.reporters.JUnitReportReporter -->
<testsuite hostname="LP-5CG1225D1D" name="selenium4.Program1" tests="1" failures="0" timestamp="9 Aug 2021 17:46:12 GMT" time="8.271" errors="0">
  <testcase name="f" time="8.271" classname="selenium4.Program1"/>
</testsuite> <!-- selenium4.Program1 -->
