<?xml version="1.0" encoding="UTF-8"?>
<!-- Generated by org.testng.reporters.JUnitReportReporter -->
<testsuite hostname="LP-5CG1225D1D" name="instgram.sampleprogram" tests="1" failures="0" timestamp="13 Aug 2021 03:05:08 GMT" time="44.478" errors="0">
  <testcase name="test" time="44.478" classname="instgram.sampleprogram"/>
</testsuite> <!-- instgram.sampleprogram -->
