<?xml version="1.0" encoding="UTF-8"?>
<!-- Generated by org.testng.reporters.JUnitReportReporter -->
<testsuite skipped="0" hostname="LP-5CG1225D1D" name="runner.run1" tests="1" failures="0" timestamp="2021-08-25T18:58:26 IST" time="12.543" errors="0">
  <testcase name="runScenario" time="12.543" classname="runner.run1"/>
  <system-out/>
</testsuite> <!-- runner.run1 -->
